#
# A fatal error has been detected by the Java Runtime Environment:
#
#  EXCEPTION_ACCESS_VIOLATION (0xc0000005) at pc=0x00007ff9cfd3ecb8, pid=7372, tid=0x000000000000336c
#
# JRE version: Java(TM) SE Runtime Environment (8.0_221-b11) (build 1.8.0_221-b11)
# Java VM: Java HotSpot(TM) 64-Bit Server VM (25.221-b11 mixed mode windows-amd64 compressed oops)
# Problematic frame:
# C  [ntdll.dll+0xecb8]
#
# Failed to write core dump. Minidumps are not enabled by default on client versions of Windows
#
# If you would like to submit a bug report, please visit:
#   http://bugreport.java.com/bugreport/crash.jsp
# The crash happened outside the Java Virtual Machine in native code.
# See problematic frame for where to report the bug.
#

---------------  T H R E A D  ---------------

Current thread (0x0000000019275000):  JavaThread "AWT-EventQueue-0" [_thread_in_native, id=13164, stack(0x0000000019dd0000,0x0000000019ed0000)]

siginfo: ExceptionCode=0xc0000005, reading address 0x00007ff9a6841124

Registers:
RAX=0x0000000000002c49, RBX=0x0000000019ecc090, RCX=0x000000000000b130, RDX=0x0000000000000ec4
RSP=0x0000000019ecba70, RBP=0x0000000000000000, RSI=0x00007ff9a6836000, RDI=0x00000000000154c9
R8 =0x00007ff9a66b0000, R9 =0x000000000000000d, R10=0x0000000000000001, R11=0x00007ff9cfe9f4e0
R12=0x00007ff9a66c54c9, R13=0x0000000019ecc6b0, R14=0x0000000019ecbb18, R15=0x0000000019ecc9a0
RIP=0x00007ff9cfd3ecb8, EFLAGS=0x0000000000010206

Top of Stack: (sp=0x0000000019ecba70)
0x0000000019ecba70:   0000000019ecc090 0000000000000000
0x0000000019ecba80:   0000000000000000 0000000019ecc6b0
0x0000000019ecba90:   00007ff9a6836000 00007ff9a66b0000
0x0000000019ecbaa0:   0000b13000197000 0000000019ecbbc0
0x0000000019ecbab0:   0000000019ecc090 00007ff9cfd3d57a
0x0000000019ecbac0:   0000000019ecbbc0 0000000019ecc1c0
0x0000000019ecbad0:   00007ff9cfe91dd4 0000000000000000
0x0000000019ecbae0:   0000000015010101 0000000015ac0660
0x0000000019ecbaf0:   0000002c00000400 0000000017f45b68
0x0000000019ecbb00:   0000000015d22400 00007ff9cfe91dd4
0x0000000019ecbb10:   0000000000000000 00007ff9a66b0000
0x0000000019ecbb20:   0000000019ecc9a0 0000000000000000
0x0000000019ecbb30:   0000000000000000 0000000019ecf410
0x0000000019ecbb40:   0000000019ecc6b0 0000000000000000
0x0000000019ecbb50:   0000000019ecc090 0000000019ecc1c0
0x0000000019ecbb60:   0000000019ec2000 0000000019ed0000 

Instructions: (pc=0x00007ff9cfd3ecb8)
0x00007ff9cfd3ec98:   aa 4c 8b 44 24 28 33 ed 48 f7 e1 4d 89 06 48 c1
0x00007ff9cfd3eca8:   ea 03 85 d2 74 60 8d 42 ff 49 2b f8 48 8d 04 40
0x00007ff9cfd3ecb8:   44 8b 1c 86 4c 8d 14 86 49 3b fb 73 35 44 8d 42
0x00007ff9cfd3ecc8:   fe 44 8b cd 45 85 c0 78 29 43 8d 04 08 d1 f8 48 


Register to memory mapping:

RAX=0x0000000000002c49 is an unknown value
RBX=0x0000000019ecc090 is pointing into the stack for thread: 0x0000000019275000
RCX=0x000000000000b130 is an unknown value
RDX=0x0000000000000ec4 is an unknown value
RSP=0x0000000019ecba70 is pointing into the stack for thread: 0x0000000019275000
RBP=0x0000000000000000 is an unknown value
RSI=0x00007ff9a6836000 is an unknown value
RDI=0x00000000000154c9 is an unknown value
R8 =0x00007ff9a66b0000 is an unknown value
R9 =0x000000000000000d is an unknown value
R10=0x0000000000000001 is an unknown value
R11=0x00007ff9cfe9f4e0 is an unknown value
R12=0x00007ff9a66c54c9 is an unknown value
R13=0x0000000019ecc6b0 is pointing into the stack for thread: 0x0000000019275000
R14=0x0000000019ecbb18 is pointing into the stack for thread: 0x0000000019275000
R15=0x0000000019ecc9a0 is pointing into the stack for thread: 0x0000000019275000


Stack: [0x0000000019dd0000,0x0000000019ed0000],  sp=0x0000000019ecba70,  free space=1006k
Native frames: (J=compiled Java code, j=interpreted, Vv=VM code, C=native code)

Java frames: (J=compiled Java code, j=interpreted, Vv=VM code)
j  sun.java2d.d3d.D3DSurfaceData.initOps(III)V+0
j  sun.java2d.d3d.D3DSurfaceData.<init>(Lsun/awt/windows/WComponentPeer;Lsun/java2d/d3d/D3DGraphicsConfig;IILjava/awt/Image;Ljava/awt/image/ColorModel;IILsun/java2d/pipe/hw/ExtendedBufferCapabilities$VSyncType;I)V+76
j  sun.java2d.d3d.D3DSurfaceData.createData(Lsun/java2d/d3d/D3DGraphicsConfig;IILjava/awt/image/ColorModel;Ljava/awt/Image;I)Lsun/java2d/d3d/D3DSurfaceData;+70
j  sun.java2d.d3d.D3DVolatileSurfaceManager.initAcceleratedSurface()Lsun/java2d/SurfaceData;+133
j  sun.java2d.d3d.D3DVolatileSurfaceManager.restoreAcceleratedSurface()V+62
j  sun.awt.image.VolatileSurfaceManager.validate(Ljava/awt/GraphicsConfiguration;)I+94
j  sun.awt.image.SunVolatileImage.validate(Ljava/awt/GraphicsConfiguration;)I+5
j  javax.swing.RepaintManager$PaintManager.paint(Ljavax/swing/JComponent;Ljavax/swing/JComponent;Ljava/awt/Graphics;IIII)Z+66
j  javax.swing.RepaintManager.paint(Ljavax/swing/JComponent;Ljavax/swing/JComponent;Ljava/awt/Graphics;IIII)V+51
j  javax.swing.JComponent.paint(Ljava/awt/Graphics;)V+221
j  java.awt.GraphicsCallback$PaintCallback.run(Ljava/awt/Component;Ljava/awt/Graphics;)V+2
j  sun.awt.SunGraphicsCallback.runOneComponent(Ljava/awt/Component;Ljava/awt/Rectangle;Ljava/awt/Graphics;Ljava/awt/Shape;I)V+155
j  sun.awt.SunGraphicsCallback.runComponents([Ljava/awt/Component;Ljava/awt/Graphics;I)V+194
j  java.awt.Container.paint(Ljava/awt/Graphics;)V+58
j  java.awt.Window.paint(Ljava/awt/Graphics;)V+68
j  javax.swing.RepaintManager$4.run()Ljava/lang/Void;+142
j  javax.swing.RepaintManager$4.run()Ljava/lang/Object;+1
v  ~StubRoutines::call_stub
j  java.security.AccessController.doPrivileged(Ljava/security/PrivilegedAction;Ljava/security/AccessControlContext;)Ljava/lang/Object;+0
j  java.security.ProtectionDomain$JavaSecurityAccessImpl.doIntersectionPrivilege(Ljava/security/PrivilegedAction;Ljava/security/AccessControlContext;Ljava/security/AccessControlContext;)Ljava/lang/Object;+18
j  javax.swing.RepaintManager.paintDirtyRegions(Ljava/util/Map;)V+154
j  javax.swing.RepaintManager.paintDirtyRegions()V+46
j  javax.swing.RepaintManager.prePaintDirtyRegions()V+73
j  javax.swing.RepaintManager.access$1200(Ljavax/swing/RepaintManager;)V+1
j  javax.swing.RepaintManager$ProcessingRunnable.run()V+37
j  java.awt.event.InvocationEvent.dispatch$$$capture()V+47
j  java.awt.event.InvocationEvent.dispatch()V+5
j  java.awt.EventQueue.dispatchEventImpl(Ljava/awt/AWTEvent;Ljava/lang/Object;)V+21
j  java.awt.EventQueue.access$500(Ljava/awt/EventQueue;Ljava/awt/AWTEvent;Ljava/lang/Object;)V+3
j  java.awt.EventQueue$3.run()Ljava/lang/Void;+32
j  java.awt.EventQueue$3.run()Ljava/lang/Object;+1
v  ~StubRoutines::call_stub
j  java.security.AccessController.doPrivileged(Ljava/security/PrivilegedAction;Ljava/security/AccessControlContext;)Ljava/lang/Object;+0
j  java.security.ProtectionDomain$JavaSecurityAccessImpl.doIntersectionPrivilege(Ljava/security/PrivilegedAction;Ljava/security/AccessControlContext;Ljava/security/AccessControlContext;)Ljava/lang/Object;+18
j  java.awt.EventQueue.dispatchEvent(Ljava/awt/AWTEvent;)V+46
j  java.awt.EventDispatchThread.pumpOneEventForFilters(I)V+140
j  java.awt.EventDispatchThread.pumpEventsForFilter(ILjava/awt/Conditional;Ljava/awt/EventFilter;)V+35
j  java.awt.EventDispatchThread.pumpEventsForHierarchy(ILjava/awt/Conditional;Ljava/awt/Component;)V+11
j  java.awt.EventDispatchThread.pumpEvents(ILjava/awt/Conditional;)V+4
j  java.awt.EventDispatchThread.pumpEvents(Ljava/awt/Conditional;)V+3
j  java.awt.EventDispatchThread.run()V+9
v  ~StubRoutines::call_stub

---------------  P R O C E S S  ---------------

Java Threads: ( => current thread )
  0x0000000018009000 JavaThread "SIGINT handler" daemon [_thread_blocked, id=12604, stack(0x00000000200c0000,0x00000000201c0000)]
  0x000000001933f000 JavaThread "TimerQueue" daemon [_thread_blocked, id=13368, stack(0x000000001fbc0000,0x000000001fcc0000)]
  0x0000000002563800 JavaThread "DestroyJavaVM" [_thread_blocked, id=7464, stack(0x00000000022d0000,0x00000000023d0000)]
=>0x0000000019275000 JavaThread "AWT-EventQueue-0" [_thread_in_native, id=13164, stack(0x0000000019dd0000,0x0000000019ed0000)]
  0x0000000019210000 JavaThread "AWT-Shutdown" [_thread_blocked, id=7524, stack(0x0000000019a50000,0x0000000019b50000)]
  0x000000001920f800 JavaThread "Java2D Disposer" daemon [_thread_blocked, id=9448, stack(0x0000000019950000,0x0000000019a50000)]
  0x0000000017fa9000 JavaThread "Service Thread" daemon [_thread_blocked, id=10036, stack(0x0000000018e00000,0x0000000018f00000)]
  0x0000000017f19800 JavaThread "C1 CompilerThread3" daemon [_thread_blocked, id=7952, stack(0x0000000018d00000,0x0000000018e00000)]
  0x0000000017f13000 JavaThread "C2 CompilerThread2" daemon [_thread_blocked, id=1100, stack(0x0000000018c00000,0x0000000018d00000)]
  0x0000000017f18800 JavaThread "C2 CompilerThread1" daemon [_thread_blocked, id=1764, stack(0x0000000018b00000,0x0000000018c00000)]
  0x0000000017f18000 JavaThread "C2 CompilerThread0" daemon [_thread_blocked, id=13604, stack(0x0000000018a00000,0x0000000018b00000)]
  0x0000000017e47800 JavaThread "JDWP Event Helper Thread" daemon [_thread_blocked, id=11728, stack(0x0000000018800000,0x0000000018900000)]
  0x0000000017e31800 JavaThread "Attach Listener" daemon [_thread_blocked, id=6012, stack(0x0000000018600000,0x0000000018700000)]
  0x000000001600e800 JavaThread "Signal Dispatcher" daemon [_thread_blocked, id=6504, stack(0x0000000018500000,0x0000000018600000)]
  0x0000000017e21000 JavaThread "Finalizer" daemon [_thread_blocked, id=14344, stack(0x0000000018300000,0x0000000018400000)]
  0x0000000017e20800 JavaThread "Reference Handler" daemon [_thread_blocked, id=13140, stack(0x0000000018200000,0x0000000018300000)]

Other Threads:
  0x0000000015ff9800 VMThread [stack: 0x0000000017d00000,0x0000000017e00000] [id=16248]
  0x0000000017fac000 WatcherThread [stack: 0x0000000018f00000,0x0000000019000000] [id=11864]

VM state:not at safepoint (normal execution)

VM Mutex/Monitor currently owned by a thread: None

heap address: 0x00000000a7200000, size: 1422 MB, Compressed Oops mode: 32-bit
Narrow klass base: 0x0000000000000000, Narrow klass shift: 3
Compressed class space size: 1073741824 Address: 0x0000000100000000

Heap:
 PSYoungGen      total 27136K, used 20581K [0x00000000e2600000, 0x00000000e4400000, 0x0000000100000000)
  eden space 23552K, 87% used [0x00000000e2600000,0x00000000e3a197e0,0x00000000e3d00000)
  from space 3584K, 0% used [0x00000000e4080000,0x00000000e4080000,0x00000000e4400000)
  to   space 3584K, 0% used [0x00000000e3d00000,0x00000000e3d00000,0x00000000e4080000)
 ParOldGen       total 61440K, used 0K [0x00000000a7200000, 0x00000000aae00000, 0x00000000e2600000)
  object space 61440K, 0% used [0x00000000a7200000,0x00000000a7200000,0x00000000aae00000)
 Metaspace       used 9073K, capacity 9206K, committed 9344K, reserved 1056768K
  class space    used 1056K, capacity 1132K, committed 1152K, reserved 1048576K

Card table byte_map: [0x0000000011a20000,0x0000000011cf0000] byte_map_base: 0x00000000114e7000

Marking Bits: (ParMarkBitMap*) 0x0000000052925ce0
 Begin Bits: [0x00000000126d0000, 0x0000000013d08000)
 End Bits:   [0x0000000013d08000, 0x0000000015340000)

Polling page: 0x0000000000550000

CodeCache: size=245760Kb used=2095Kb max_used=2095Kb free=243664Kb
 bounds [0x0000000002660000, 0x00000000028d0000, 0x0000000011660000]
 total_blobs=909 nmethods=461 adapters=370
 compilation: enabled

Compilation events (10 events):
Event: 18.597 Thread 0x0000000017f19800  452   !   3       sun.nio.cs.StreamEncoder::write (78 bytes)
Event: 18.597 Thread 0x0000000017f19800 nmethod 452 0x0000000002868090 code [0x0000000002868260, 0x00000000028689c8]
Event: 18.597 Thread 0x0000000017f19800  453       3       sun.nio.cs.StreamEncoder::ensureOpen (18 bytes)
Event: 18.598 Thread 0x0000000017f19800 nmethod 453 0x0000000002868e50 code [0x0000000002868fc0, 0x0000000002869228]
Event: 18.598 Thread 0x0000000017f19800  454       3       sun.nio.cs.StreamEncoder::implWrite (156 bytes)
Event: 18.599 Thread 0x0000000017f19800 nmethod 454 0x0000000002869310 code [0x0000000002869580, 0x000000000286a428]
Event: 18.599 Thread 0x0000000017f19800  458       3       java.nio.charset.CoderResult::isOverflow (14 bytes)
Event: 18.599 Thread 0x0000000017f19800 nmethod 458 0x000000000286add0 code [0x000000000286af20, 0x000000000286b0d0]
Event: 18.599 Thread 0x0000000017f19800  457   !   3       java.io.BufferedWriter::flushBuffer (53 bytes)
Event: 18.599 Thread 0x0000000017f19800 nmethod 457 0x000000000286b150 code [0x000000000286b300, 0x000000000286b8f8]

GC Heap History (0 events):
No events

Deoptimization events (2 events):
Event: 0.528 Thread 0x0000000019275000 Uncommon trap: reason=null_check action=make_not_entrant pc=0x00000000027eff44 method=java.lang.String.equals(Ljava/lang/Object;)Z @ 8
Event: 0.550 Thread 0x0000000019275000 Uncommon trap: reason=unstable_if action=reinterpret pc=0x000000000282738c method=java.lang.String.startsWith(Ljava/lang/String;I)Z @ 25

Classes redefined (0 events):
No events

Internal exceptions (10 events):
Event: 0.039 Thread 0x0000000002563800 Exception <a 'java/lang/NoSuchMethodError': Method sun.misc.Unsafe.prefetchRead(Ljava/lang/Object;J)V name or signature does not match> (0x00000000e2607fa0) thrown at [C:\re\workspace\8-2-build-windows-amd64-cygwin\jdk8u221\13320\hotspot\src\share\vm\prim
Event: 0.218 Thread 0x0000000002563800 Exception <a 'java/security/PrivilegedActionException'> (0x00000000e2944cb0) thrown at [C:\re\workspace\8-2-build-windows-amd64-cygwin\jdk8u221\13320\hotspot\src\share\vm\prims\jvm.cpp, line 1502]
Event: 0.218 Thread 0x0000000002563800 Exception <a 'java/security/PrivilegedActionException'> (0x00000000e2944ec0) thrown at [C:\re\workspace\8-2-build-windows-amd64-cygwin\jdk8u221\13320\hotspot\src\share\vm\prims\jvm.cpp, line 1502]
Event: 0.219 Thread 0x0000000002563800 Exception <a 'java/security/PrivilegedActionException'> (0x00000000e2948dd0) thrown at [C:\re\workspace\8-2-build-windows-amd64-cygwin\jdk8u221\13320\hotspot\src\share\vm\prims\jvm.cpp, line 1502]
Event: 0.219 Thread 0x0000000002563800 Exception <a 'java/security/PrivilegedActionException'> (0x00000000e2948fe0) thrown at [C:\re\workspace\8-2-build-windows-amd64-cygwin\jdk8u221\13320\hotspot\src\share\vm\prims\jvm.cpp, line 1502]
Event: 0.229 Thread 0x0000000002563800 Exception <a 'java/io/FileNotFoundException'> (0x00000000e2960068) thrown at [C:\re\workspace\8-2-build-windows-amd64-cygwin\jdk8u221\13320\hotspot\src\share\vm\prims\jni.cpp, line 710]
Event: 0.289 Thread 0x0000000002563800 Exception <a 'java/lang/NoSuchFieldError': method resolution failed> (0x00000000e2af2600) thrown at [C:\re\workspace\8-2-build-windows-amd64-cygwin\jdk8u221\13320\hotspot\src\share\vm\prims\methodHandles.cpp, line 1167]
Event: 0.292 Thread 0x0000000002563800 Exception <a 'java/lang/NoSuchFieldError': method resolution failed> (0x00000000e2b00f20) thrown at [C:\re\workspace\8-2-build-windows-amd64-cygwin\jdk8u221\13320\hotspot\src\share\vm\prims\methodHandles.cpp, line 1167]
Event: 0.423 Thread 0x0000000019275000 Exception <a 'java/io/FileNotFoundException'> (0x00000000e2f5c860) thrown at [C:\re\workspace\8-2-build-windows-amd64-cygwin\jdk8u221\13320\hotspot\src\share\vm\prims\jni.cpp, line 710]
Event: 0.528 Thread 0x0000000019275000 Implicit null exception at 0x00000000027efce5 to 0x00000000027eff35

Events (10 events):
Event: 18.591 loading class java/awt/image/BufferedImage done
Event: 18.592 loading class java/awt/image/BufferedImage$1
Event: 18.592 loading class java/awt/image/BufferedImage$1 done
Event: 18.592 loading class sun/awt/image/BufImgSurfaceData
Event: 18.592 loading class sun/awt/image/BufImgSurfaceData done
Event: 18.592 loading class sun/awt/image/BufImgSurfaceData$ICMColorData
Event: 18.592 loading class sun/awt/image/BufImgSurfaceData$ICMColorData done
Event: 18.592 loading class sun/java2d/loops/RenderLoops
Event: 18.592 loading class sun/java2d/loops/RenderLoops done
Event: 18.600 Thread 0x0000000019211800 Thread exited: 0x0000000019211800


Dynamic libraries:
0x00007ff6289d0000 - 0x00007ff628a07000 	C:\Program Files\Java\jdk1.8.0_221\bin\java.exe
0x00007ff9cfd30000 - 0x00007ff9cff11000 	C:\Windows\SYSTEM32\ntdll.dll
0x00007ff9cd590000 - 0x00007ff9cd641000 	C:\Windows\System32\KERNEL32.DLL
0x00007ff9cc570000 - 0x00007ff9cc7e3000 	C:\Windows\System32\KERNELBASE.dll
0x00007ff9cd3c0000 - 0x00007ff9cd461000 	C:\Windows\System32\ADVAPI32.dll
0x00007ff9cd320000 - 0x00007ff9cd3be000 	C:\Windows\System32\msvcrt.dll
0x00007ff9cd9e0000 - 0x00007ff9cda3b000 	C:\Windows\System32\sechost.dll
0x00007ff9ce510000 - 0x00007ff9ce634000 	C:\Windows\System32\RPCRT4.dll
0x00007ff9ce030000 - 0x00007ff9ce1c1000 	C:\Windows\System32\USER32.dll
0x00007ff9cc7f0000 - 0x00007ff9cc810000 	C:\Windows\System32\win32u.dll
0x00007ff9cd9b0000 - 0x00007ff9cd9d8000 	C:\Windows\System32\GDI32.dll
0x00007ff9cc130000 - 0x00007ff9cc2c1000 	C:\Windows\System32\gdi32full.dll
0x00007ff9cc9f0000 - 0x00007ff9cca8f000 	C:\Windows\System32\msvcp_win.dll
0x00007ff9cc870000 - 0x00007ff9cc968000 	C:\Windows\System32\ucrtbase.dll
0x00007ff9b7720000 - 0x00007ff9b7989000 	C:\Windows\WinSxS\amd64_microsoft.windows.common-controls_6595b64144ccf1df_6.0.17134.1130_none_d3ff42617c90becf\COMCTL32.dll
0x00007ff9ce1d0000 - 0x00007ff9ce4f1000 	C:\Windows\System32\combase.dll
0x00007ff9cc970000 - 0x00007ff9cc9e9000 	C:\Windows\System32\bcryptPrimitives.dll
0x00007ff9ce6e0000 - 0x00007ff9ce70d000 	C:\Windows\System32\IMM32.DLL
0x00000000529b0000 - 0x0000000052a82000 	C:\Program Files\Java\jdk1.8.0_221\jre\bin\msvcr100.dll
0x0000000052100000 - 0x00000000529a5000 	C:\Program Files\Java\jdk1.8.0_221\jre\bin\server\jvm.dll
0x00007ff9cd6b0000 - 0x00007ff9cd6b8000 	C:\Windows\System32\PSAPI.DLL
0x00007ff9c6c90000 - 0x00007ff9c6c99000 	C:\Windows\SYSTEM32\WSOCK32.dll
0x00007ff9c8b60000 - 0x00007ff9c8b83000 	C:\Windows\SYSTEM32\WINMM.dll
0x00007ff9c6370000 - 0x00007ff9c637a000 	C:\Windows\SYSTEM32\VERSION.dll
0x00007ff9cde90000 - 0x00007ff9cdefc000 	C:\Windows\System32\WS2_32.dll
0x00007ff9c4140000 - 0x00007ff9c416a000 	C:\Windows\SYSTEM32\WINMMBASE.dll
0x00007ff9cc0e0000 - 0x00007ff9cc129000 	C:\Windows\System32\cfgmgr32.dll
0x00007ff9c7ee0000 - 0x00007ff9c7eef000 	C:\Program Files\Java\jdk1.8.0_221\jre\bin\verify.dll
0x00007ff9b2ba0000 - 0x00007ff9b2bc9000 	C:\Program Files\Java\jdk1.8.0_221\jre\bin\java.dll
0x00007ff9b2d40000 - 0x00007ff9b2d75000 	C:\Program Files\Java\jdk1.8.0_221\jre\bin\jdwp.dll
0x00007ff9c6ca0000 - 0x00007ff9c6ca8000 	C:\Program Files\Java\jdk1.8.0_221\jre\bin\npt.dll
0x00007ff9bd7a0000 - 0x00007ff9bd7c3000 	C:\Program Files\Java\jdk1.8.0_221\jre\bin\instrument.dll
0x00007ff9b9a10000 - 0x00007ff9b9a26000 	C:\Program Files\Java\jdk1.8.0_221\jre\bin\zip.dll
0x00007ff9ce710000 - 0x00007ff9cfb55000 	C:\Windows\System32\SHELL32.dll
0x00007ff9cd480000 - 0x00007ff9cd529000 	C:\Windows\System32\shcore.dll
0x00007ff9cca90000 - 0x00007ff9cd1a0000 	C:\Windows\System32\windows.storage.dll
0x00007ff9cd650000 - 0x00007ff9cd6a1000 	C:\Windows\System32\shlwapi.dll
0x00007ff9cc050000 - 0x00007ff9cc061000 	C:\Windows\System32\kernel.appcore.dll
0x00007ff9cc070000 - 0x00007ff9cc08f000 	C:\Windows\System32\profapi.dll
0x00007ff9cc090000 - 0x00007ff9cc0dc000 	C:\Windows\System32\powrprof.dll
0x00007ff9cc040000 - 0x00007ff9cc04a000 	C:\Windows\System32\FLTLIB.DLL
0x00007ff9b9bc0000 - 0x00007ff9b9bc9000 	C:\Program Files\Java\jdk1.8.0_221\jre\bin\dt_socket.dll
0x00007ff9cb840000 - 0x00007ff9cb8a6000 	C:\Windows\system32\mswsock.dll
0x00007ff99bb50000 - 0x00007ff99bce9000 	C:\Program Files\Java\jdk1.8.0_221\jre\bin\awt.dll
0x00007ff9cdf00000 - 0x00007ff9cdfc2000 	C:\Windows\System32\OLEAUT32.dll
0x00007ff9ca180000 - 0x00007ff9ca20b000 	C:\Windows\SYSTEM32\apphelp.dll
0x00007ff9ca3c0000 - 0x00007ff9ca458000 	C:\Windows\system32\uxtheme.dll
0x00007ff9cd1a0000 - 0x00007ff9cd314000 	C:\Windows\System32\MSCTF.dll
0x00007ff9ca7e0000 - 0x00007ff9ca809000 	C:\Windows\system32\dwmapi.dll
0x00007ff9cd830000 - 0x00007ff9cd981000 	C:\Windows\System32\ole32.dll
0x00007ff9a6590000 - 0x00007ff9a66b0000 	C:\Windows\system32\opengl32.dll
0x00007ff9a8440000 - 0x00007ff9a846c000 	C:\Windows\SYSTEM32\GLU32.dll
0x00007ff9a3c20000 - 0x00007ff9a3c69000 	C:\Program Files\Java\jdk1.8.0_221\jre\bin\fontmanager.dll
0x00007ff9bd340000 - 0x00007ff9bd3d6000 	C:\Windows\System32\TextInputFramework.dll
0x00007ff9c6cc0000 - 0x00007ff9c6fde000 	C:\Windows\System32\CoreUIComponents.dll
0x00007ff9c9aa0000 - 0x00007ff9c9b7a000 	C:\Windows\System32\CoreMessaging.dll
0x00007ff9cb0e0000 - 0x00007ff9cb111000 	C:\Windows\SYSTEM32\ntmarta.dll
0x00007ff9c81e0000 - 0x00007ff9c832d000 	C:\Windows\SYSTEM32\wintypes.dll
0x00007ff9caa10000 - 0x00007ff9cabd9000 	C:\Windows\SYSTEM32\dbghelp.dll

VM Arguments:
jvm_args: -agentlib:jdwp=transport=dt_socket,address=127.0.0.1:65389,suspend=y,server=n -javaagent:C:\Users\admin\.IdeaIC2019.2\system\captureAgent\debugger-agent.jar -Dfile.encoding=UTF-8 
java_command: Taske3Sem.BeautyBalls
java_class_path (initial): C:\Program Files\Java\jdk1.8.0_221\jre\lib\ext\cldrdata.jar;C:\Program Files\Java\jdk1.8.0_221\jre\lib\ext\localedata.jar;C:\Program Files\Java\jdk1.8.0_221\jre\lib\jsse.jar;C:\Program Files\Java\jdk1.8.0_221\jre\lib\rt.jar;C:\Program Files\Java\jdk1.8.0_221\jre\lib\charsets.jar;C:\Program Files\Java\jdk1.8.0_221\jre\lib\deploy.jar;C:\Program Files\Java\jdk1.8.0_221\jre\lib\ext\access-bridge-64.jar;C:\Program Files\Java\jdk1.8.0_221\jre\lib\ext\dnsns.jar;C:\Program Files\Java\jdk1.8.0_221\jre\lib\ext\jaccess.jar;C:\Program Files\Java\jdk1.8.0_221\jre\lib\ext\jfxrt.jar;C:\Program Files\Java\jdk1.8.0_221\jre\lib\ext\nashorn.jar;C:\Program Files\Java\jdk1.8.0_221\jre\lib\ext\sunec.jar;C:\Program Files\Java\jdk1.8.0_221\jre\lib\ext\sunjce_provider.jar;C:\Program Files\Java\jdk1.8.0_221\jre\lib\ext\sunmscapi.jar;C:\Program Files\Java\jdk1.8.0_221\jre\lib\ext\sunpkcs11.jar;C:\Program Files\Java\jdk1.8.0_221\jre\lib\ext\zipfs.jar;C:\Program Files\Java\jdk1.8.0_221\jre\lib\javaws.jar;C:\Program Files\Java\jdk1.8.0_221\jre\lib\jce.jar;C:\Program Files\Java\jdk1.8.0_221\jre\lib\jfr.jar;C:\Program Files\Java\jdk1.8.0_221\jre\lib\jfxswt.jar;C:\Program Files\Java\jdk1.8.0_221\jre\lib\management-agent.jar;C:\Program Files\Java\jdk1.8.0_221\jre\lib\plugin.jar;C:\Program Files\Java\jdk1.8.0_221\jre\lib\resources.jar;C:\Users\admin\IdeaProjects\CG-balls\out\production\CG-balls;C:\Program Files\JetBrains\IntelliJ IDEA Community Edition 2019.2.1\lib\idea_rt.jar;C:\Users\admin\.IdeaIC2019.2\system\captureAgent\debugger-agent.jar
Launcher Type: SUN_STANDARD

Environment Variables:
PATH=C:\Program Files (x86)\Common Files\Oracle\Java\javapath;C:\Windows\system32;C:\Windows;C:\Windows\System32\Wbem;C:\Windows\System32\WindowsPowerShell\v1.0\;C:\Windows\System32\OpenSSH\;C:\Program Files\nodejs\;C:\Program Files\dotnet\;C:\Program Files\Git\cmd;C:\Users\admin\.m2\repository\org\jetbrains\annotations\17.0.0\annotations-17.0.0.jar;C:\Program Files\JetBrains\PyCharm Community Edition 2019.3.3\bin;;C:\Users\admin\AppData\Local\Programs\Microsoft VS Code\bin;C:\Users\admin\AppData\Roaming\npm;C:\Users\admin\.dotnet\tools
USERNAME=admin
OS=Windows_NT
PROCESSOR_IDENTIFIER=AMD64 Family 23 Model 17 Stepping 0, AuthenticAMD



---------------  S Y S T E M  ---------------

OS: Windows 10.0 , 64 bit Build 17134 (10.0.17134.753)

CPU:total 8 (initial active 8) (8 cores per cpu, 1 threads per core) family 23 model 17 stepping 0, cmov, cx8, fxsr, mmx, sse, sse2, sse3, ssse3, sse4.1, sse4.2, popcnt, avx, avx2, aes, clmul, mmxext, 3dnowpref, lzcnt, sse4a, tsc, tscinvbit, tscinv, bmi1

Memory: 4k page, physical 5823056k(443924k free), swap 13142732k(4651284k free)

vm_info: Java HotSpot(TM) 64-Bit Server VM (25.221-b11) for windows-amd64 JRE (1.8.0_221-b11), built on Jul  4 2019 04:39:29 by "java_re" with MS VC++ 10.0 (VS2010)

time: Thu Oct 22 16:52:42 2020
timezone: RTZ 2 (зима)
elapsed time: 18 seconds (0d 0h 0m 18s)

